2023-09-02 17:15:19 startup archives unpack
2023-09-02 17:15:19 upgrade linux-libc-dev:amd64 5.15.0-79.86 5.15.0-82.91
2023-09-02 17:15:19 status half-configured linux-libc-dev:amd64 5.15.0-79.86
2023-09-02 17:15:19 status unpacked linux-libc-dev:amd64 5.15.0-79.86
2023-09-02 17:15:19 status half-installed linux-libc-dev:amd64 5.15.0-79.86
2023-09-02 17:15:20 status unpacked linux-libc-dev:amd64 5.15.0-82.91
2023-09-02 17:15:20 startup packages configure
2023-09-02 17:15:20 configure linux-libc-dev:amd64 5.15.0-82.91 <none>
2023-09-02 17:15:20 status unpacked linux-libc-dev:amd64 5.15.0-82.91
2023-09-02 17:15:20 status half-configured linux-libc-dev:amd64 5.15.0-82.91
2023-09-02 17:15:20 status installed linux-libc-dev:amd64 5.15.0-82.91
2023-09-02 17:15:21 startup archives unpack
2023-09-02 17:15:21 upgrade libjson-c5:amd64 0.15-3~ubuntu1.22.04.1 0.15-3~ubuntu1.22.04.2
2023-09-02 17:15:21 status triggers-pending libc-bin:amd64 2.35-0ubuntu3.1
2023-09-02 17:15:21 status half-configured libjson-c5:amd64 0.15-3~ubuntu1.22.04.1
2023-09-02 17:15:21 status unpacked libjson-c5:amd64 0.15-3~ubuntu1.22.04.1
2023-09-02 17:15:21 status half-installed libjson-c5:amd64 0.15-3~ubuntu1.22.04.1
2023-09-02 17:15:21 status unpacked libjson-c5:amd64 0.15-3~ubuntu1.22.04.2
2023-09-02 17:15:21 startup packages configure
2023-09-02 17:15:21 configure libjson-c5:amd64 0.15-3~ubuntu1.22.04.2 <none>
2023-09-02 17:15:21 status unpacked libjson-c5:amd64 0.15-3~ubuntu1.22.04.2
2023-09-02 17:15:21 status half-configured libjson-c5:amd64 0.15-3~ubuntu1.22.04.2
2023-09-02 17:15:21 status installed libjson-c5:amd64 0.15-3~ubuntu1.22.04.2
2023-09-02 17:15:21 trigproc libc-bin:amd64 2.35-0ubuntu3.1 <none>
2023-09-02 17:15:21 status half-configured libc-bin:amd64 2.35-0ubuntu3.1
2023-09-02 17:15:21 status installed libc-bin:amd64 2.35-0ubuntu3.1
2023-09-02 17:17:35 startup archives unpack
2023-09-02 17:17:35 install net-tools:amd64 <none> 1.60+git20181103.0eebece-1ubuntu5
2023-09-02 17:17:35 status half-installed net-tools:amd64 1.60+git20181103.0eebece-1ubuntu5
2023-09-02 17:17:35 status triggers-pending man-db:amd64 2.10.2-1
2023-09-02 17:17:35 status unpacked net-tools:amd64 1.60+git20181103.0eebece-1ubuntu5
2023-09-02 17:17:35 startup packages configure
2023-09-02 17:17:35 configure net-tools:amd64 1.60+git20181103.0eebece-1ubuntu5 <none>
2023-09-02 17:17:35 status unpacked net-tools:amd64 1.60+git20181103.0eebece-1ubuntu5
2023-09-02 17:17:35 status half-configured net-tools:amd64 1.60+git20181103.0eebece-1ubuntu5
2023-09-02 17:17:35 status installed net-tools:amd64 1.60+git20181103.0eebece-1ubuntu5
2023-09-02 17:17:35 trigproc man-db:amd64 2.10.2-1 <none>
2023-09-02 17:17:35 status half-configured man-db:amd64 2.10.2-1
2023-09-02 17:17:35 status installed man-db:amd64 2.10.2-1
2023-09-09 19:56:55 startup archives unpack
2023-09-09 19:56:55 upgrade linux-libc-dev:amd64 5.15.0-82.91 5.15.0-83.92
2023-09-09 19:56:55 status half-configured linux-libc-dev:amd64 5.15.0-82.91
2023-09-09 19:56:55 status unpacked linux-libc-dev:amd64 5.15.0-82.91
2023-09-09 19:56:55 status half-installed linux-libc-dev:amd64 5.15.0-82.91
2023-09-09 19:56:56 status unpacked linux-libc-dev:amd64 5.15.0-83.92
2023-09-09 19:56:56 startup packages configure
2023-09-09 19:56:56 configure linux-libc-dev:amd64 5.15.0-83.92 <none>
2023-09-09 19:56:56 status unpacked linux-libc-dev:amd64 5.15.0-83.92
2023-09-09 19:56:56 status half-configured linux-libc-dev:amd64 5.15.0-83.92
2023-09-09 19:56:56 status installed linux-libc-dev:amd64 5.15.0-83.92
2023-09-14 08:34:26 startup archives unpack
2023-09-14 08:34:26 upgrade file:amd64 1:5.41-3 1:5.41-3ubuntu0.1
2023-09-14 08:34:26 status half-configured file:amd64 1:5.41-3
2023-09-14 08:34:26 status unpacked file:amd64 1:5.41-3
2023-09-14 08:34:26 status half-installed file:amd64 1:5.41-3
2023-09-14 08:34:26 status triggers-pending man-db:amd64 2.10.2-1
2023-09-14 08:34:26 status unpacked file:amd64 1:5.41-3ubuntu0.1
2023-09-14 08:34:26 upgrade libmagic1:amd64 1:5.41-3 1:5.41-3ubuntu0.1
2023-09-14 08:34:26 status triggers-pending libc-bin:amd64 2.35-0ubuntu3.1
2023-09-14 08:34:26 status half-configured libmagic1:amd64 1:5.41-3
2023-09-14 08:34:26 status unpacked libmagic1:amd64 1:5.41-3
2023-09-14 08:34:26 status half-installed libmagic1:amd64 1:5.41-3
2023-09-14 08:34:27 status unpacked libmagic1:amd64 1:5.41-3ubuntu0.1
2023-09-14 08:34:27 upgrade libmagic-mgc:amd64 1:5.41-3 1:5.41-3ubuntu0.1
2023-09-14 08:34:27 status half-configured libmagic-mgc:amd64 1:5.41-3
2023-09-14 08:34:27 status unpacked libmagic-mgc:amd64 1:5.41-3
2023-09-14 08:34:27 status half-installed libmagic-mgc:amd64 1:5.41-3
2023-09-14 08:34:27 status unpacked libmagic-mgc:amd64 1:5.41-3ubuntu0.1
2023-09-14 08:34:27 startup packages configure
2023-09-14 08:34:27 configure libmagic-mgc:amd64 1:5.41-3ubuntu0.1 <none>
2023-09-14 08:34:27 status unpacked libmagic-mgc:amd64 1:5.41-3ubuntu0.1
2023-09-14 08:34:27 status half-configured libmagic-mgc:amd64 1:5.41-3ubuntu0.1
2023-09-14 08:34:27 status installed libmagic-mgc:amd64 1:5.41-3ubuntu0.1
2023-09-14 08:34:27 configure libmagic1:amd64 1:5.41-3ubuntu0.1 <none>
2023-09-14 08:34:27 status unpacked libmagic1:amd64 1:5.41-3ubuntu0.1
2023-09-14 08:34:27 status half-configured libmagic1:amd64 1:5.41-3ubuntu0.1
2023-09-14 08:34:27 status installed libmagic1:amd64 1:5.41-3ubuntu0.1
2023-09-14 08:34:27 configure file:amd64 1:5.41-3ubuntu0.1 <none>
2023-09-14 08:34:27 status unpacked file:amd64 1:5.41-3ubuntu0.1
2023-09-14 08:34:27 status half-configured file:amd64 1:5.41-3ubuntu0.1
2023-09-14 08:34:27 status installed file:amd64 1:5.41-3ubuntu0.1
2023-09-14 08:34:27 trigproc libc-bin:amd64 2.35-0ubuntu3.1 <none>
2023-09-14 08:34:27 status half-configured libc-bin:amd64 2.35-0ubuntu3.1
2023-09-14 08:34:27 status installed libc-bin:amd64 2.35-0ubuntu3.1
2023-09-14 08:34:27 trigproc man-db:amd64 2.10.2-1 <none>
2023-09-14 08:34:27 status half-configured man-db:amd64 2.10.2-1
2023-09-14 08:34:29 status installed man-db:amd64 2.10.2-1
2023-09-19 08:52:38 startup archives unpack
2023-09-19 08:52:38 upgrade gawk:amd64 1:5.1.0-1build3 1:5.1.0-1ubuntu0.1
2023-09-19 08:52:38 status half-configured gawk:amd64 1:5.1.0-1build3
2023-09-19 08:52:38 status unpacked gawk:amd64 1:5.1.0-1build3
2023-09-19 08:52:38 status half-installed gawk:amd64 1:5.1.0-1build3
2023-09-19 08:52:38 status triggers-pending man-db:amd64 2.10.2-1
2023-09-19 08:52:38 status unpacked gawk:amd64 1:5.1.0-1ubuntu0.1
2023-09-19 08:52:38 startup packages configure
2023-09-19 08:52:38 configure gawk:amd64 1:5.1.0-1ubuntu0.1 <none>
2023-09-19 08:52:38 status unpacked gawk:amd64 1:5.1.0-1ubuntu0.1
2023-09-19 08:52:38 status half-configured gawk:amd64 1:5.1.0-1ubuntu0.1
2023-09-19 08:52:38 status installed gawk:amd64 1:5.1.0-1ubuntu0.1
2023-09-19 08:52:38 trigproc man-db:amd64 2.10.2-1 <none>
2023-09-19 08:52:38 status half-configured man-db:amd64 2.10.2-1
2023-09-19 08:52:39 status installed man-db:amd64 2.10.2-1
2023-09-19 08:52:40 startup archives unpack
2023-09-19 08:52:40 upgrade libwebp7:amd64 1.2.2-2ubuntu0.22.04.1 1.2.2-2ubuntu0.22.04.2
2023-09-19 08:52:40 status triggers-pending libc-bin:amd64 2.35-0ubuntu3.1
2023-09-19 08:52:40 status half-configured libwebp7:amd64 1.2.2-2ubuntu0.22.04.1
2023-09-19 08:52:40 status unpacked libwebp7:amd64 1.2.2-2ubuntu0.22.04.1
2023-09-19 08:52:40 status half-installed libwebp7:amd64 1.2.2-2ubuntu0.22.04.1
2023-09-19 08:52:40 status unpacked libwebp7:amd64 1.2.2-2ubuntu0.22.04.2
2023-09-19 08:52:40 startup packages configure
2023-09-19 08:52:40 configure libwebp7:amd64 1.2.2-2ubuntu0.22.04.2 <none>
2023-09-19 08:52:40 status unpacked libwebp7:amd64 1.2.2-2ubuntu0.22.04.2
2023-09-19 08:52:40 status half-configured libwebp7:amd64 1.2.2-2ubuntu0.22.04.2
2023-09-19 08:52:40 status installed libwebp7:amd64 1.2.2-2ubuntu0.22.04.2
2023-09-19 08:52:40 trigproc libc-bin:amd64 2.35-0ubuntu3.1 <none>
2023-09-19 08:52:40 status half-configured libc-bin:amd64 2.35-0ubuntu3.1
2023-09-19 08:52:40 status installed libc-bin:amd64 2.35-0ubuntu3.1
2023-09-30 01:16:25 startup archives unpack
2023-09-30 01:16:25 upgrade motd-news-config:all 12ubuntu4.3 12ubuntu4.4
2023-09-30 01:16:25 status half-configured motd-news-config:all 12ubuntu4.3
2023-09-30 01:16:25 status unpacked motd-news-config:all 12ubuntu4.3
2023-09-30 01:16:25 status half-installed motd-news-config:all 12ubuntu4.3
2023-09-30 01:16:25 status unpacked motd-news-config:all 12ubuntu4.4
2023-09-30 01:16:25 upgrade libc-devtools:amd64 2.35-0ubuntu3.1 2.35-0ubuntu3.3
2023-09-30 01:16:25 status half-configured libc-devtools:amd64 2.35-0ubuntu3.1
2023-09-30 01:16:25 status unpacked libc-devtools:amd64 2.35-0ubuntu3.1
2023-09-30 01:16:25 status half-installed libc-devtools:amd64 2.35-0ubuntu3.1
2023-09-30 01:16:25 status triggers-pending man-db:amd64 2.10.2-1
2023-09-30 01:16:25 status unpacked libc-devtools:amd64 2.35-0ubuntu3.3
2023-09-30 01:16:25 upgrade libc6-dev:amd64 2.35-0ubuntu3.1 2.35-0ubuntu3.3
2023-09-30 01:16:25 status half-configured libc6-dev:amd64 2.35-0ubuntu3.1
2023-09-30 01:16:25 status unpacked libc6-dev:amd64 2.35-0ubuntu3.1
2023-09-30 01:16:25 status half-installed libc6-dev:amd64 2.35-0ubuntu3.1
2023-09-30 01:16:26 status unpacked libc6-dev:amd64 2.35-0ubuntu3.3
2023-09-30 01:16:26 upgrade libc-dev-bin:amd64 2.35-0ubuntu3.1 2.35-0ubuntu3.3
2023-09-30 01:16:26 status half-configured libc-dev-bin:amd64 2.35-0ubuntu3.1
2023-09-30 01:16:26 status unpacked libc-dev-bin:amd64 2.35-0ubuntu3.1
2023-09-30 01:16:26 status half-installed libc-dev-bin:amd64 2.35-0ubuntu3.1
2023-09-30 01:16:26 status unpacked libc-dev-bin:amd64 2.35-0ubuntu3.3
2023-09-30 01:16:26 upgrade linux-libc-dev:amd64 5.15.0-83.92 5.15.0-84.93
2023-09-30 01:16:26 status half-configured linux-libc-dev:amd64 5.15.0-83.92
2023-09-30 01:16:26 status unpacked linux-libc-dev:amd64 5.15.0-83.92
2023-09-30 01:16:26 status half-installed linux-libc-dev:amd64 5.15.0-83.92
2023-09-30 01:16:27 status unpacked linux-libc-dev:amd64 5.15.0-84.93
2023-09-30 01:16:27 upgrade libc6:amd64 2.35-0ubuntu3.1 2.35-0ubuntu3.3
2023-09-30 01:16:27 status triggers-pending libc-bin:amd64 2.35-0ubuntu3.1
2023-09-30 01:16:27 status half-configured libc6:amd64 2.35-0ubuntu3.1
2023-09-30 01:16:27 status unpacked libc6:amd64 2.35-0ubuntu3.1
2023-09-30 01:16:27 status half-installed libc6:amd64 2.35-0ubuntu3.1
2023-09-30 01:16:27 status unpacked libc6:amd64 2.35-0ubuntu3.3
2023-09-30 01:16:27 startup packages configure
2023-09-30 01:16:27 configure libc6:amd64 2.35-0ubuntu3.3 <none>
2023-09-30 01:16:27 status unpacked libc6:amd64 2.35-0ubuntu3.3
2023-09-30 01:16:27 status half-configured libc6:amd64 2.35-0ubuntu3.3
2023-09-30 01:16:28 status installed libc6:amd64 2.35-0ubuntu3.3
2023-09-30 01:16:28 startup archives unpack
2023-09-30 01:16:28 upgrade base-files:amd64 12ubuntu4.3 12ubuntu4.4
2023-09-30 01:16:28 status half-configured base-files:amd64 12ubuntu4.3
2023-09-30 01:16:28 status unpacked base-files:amd64 12ubuntu4.3
2023-09-30 01:16:28 status half-installed base-files:amd64 12ubuntu4.3
2023-09-30 01:16:28 status triggers-pending plymouth-theme-ubuntu-text:amd64 0.9.5+git20211018-1ubuntu3
2023-09-30 01:16:28 status triggers-pending install-info:amd64 6.8-4build1
2023-09-30 01:16:28 status unpacked base-files:amd64 12ubuntu4.4
2023-09-30 01:16:28 startup packages configure
2023-09-30 01:16:28 configure base-files:amd64 12ubuntu4.4 <none>
2023-09-30 01:16:28 status unpacked base-files:amd64 12ubuntu4.4
2023-09-30 01:16:28 status half-configured base-files:amd64 12ubuntu4.4
2023-09-30 01:16:29 status installed base-files:amd64 12ubuntu4.4
2023-09-30 01:16:29 startup archives unpack
2023-09-30 01:16:29 upgrade libnss-systemd:amd64 249.11-0ubuntu3.9 249.11-0ubuntu3.10
2023-09-30 01:16:29 status half-configured libnss-systemd:amd64 249.11-0ubuntu3.9
2023-09-30 01:16:29 status unpacked libnss-systemd:amd64 249.11-0ubuntu3.9
2023-09-30 01:16:29 status half-installed libnss-systemd:amd64 249.11-0ubuntu3.9
2023-09-30 01:16:29 status unpacked libnss-systemd:amd64 249.11-0ubuntu3.10
2023-09-30 01:16:29 upgrade libsystemd0:amd64 249.11-0ubuntu3.9 249.11-0ubuntu3.10
2023-09-30 01:16:29 status half-configured libsystemd0:amd64 249.11-0ubuntu3.9
2023-09-30 01:16:29 status unpacked libsystemd0:amd64 249.11-0ubuntu3.9
2023-09-30 01:16:29 status half-installed libsystemd0:amd64 249.11-0ubuntu3.9
2023-09-30 01:16:29 status unpacked libsystemd0:amd64 249.11-0ubuntu3.10
2023-09-30 01:16:29 startup packages configure
2023-09-30 01:16:29 configure libsystemd0:amd64 249.11-0ubuntu3.10 <none>
2023-09-30 01:16:29 status unpacked libsystemd0:amd64 249.11-0ubuntu3.10
2023-09-30 01:16:29 status half-configured libsystemd0:amd64 249.11-0ubuntu3.10
2023-09-30 01:16:29 status installed libsystemd0:amd64 249.11-0ubuntu3.10
2023-09-30 01:16:29 startup archives unpack
2023-09-30 01:16:29 upgrade systemd-timesyncd:amd64 249.11-0ubuntu3.9 249.11-0ubuntu3.10
2023-09-30 01:16:29 status half-configured systemd-timesyncd:amd64 249.11-0ubuntu3.9
2023-09-30 01:16:29 status unpacked systemd-timesyncd:amd64 249.11-0ubuntu3.9
2023-09-30 01:16:29 status half-installed systemd-timesyncd:amd64 249.11-0ubuntu3.9
2023-09-30 01:16:29 status triggers-pending dbus:amd64 1.12.20-2ubuntu4.1
2023-09-30 01:16:29 status unpacked systemd-timesyncd:amd64 249.11-0ubuntu3.10
2023-09-30 01:16:29 upgrade systemd-sysv:amd64 249.11-0ubuntu3.9 249.11-0ubuntu3.10
2023-09-30 01:16:29 status half-configured systemd-sysv:amd64 249.11-0ubuntu3.9
2023-09-30 01:16:29 status unpacked systemd-sysv:amd64 249.11-0ubuntu3.9
2023-09-30 01:16:29 status half-installed systemd-sysv:amd64 249.11-0ubuntu3.9
2023-09-30 01:16:29 status unpacked systemd-sysv:amd64 249.11-0ubuntu3.10
2023-09-30 01:16:29 upgrade libpam-systemd:amd64 249.11-0ubuntu3.9 249.11-0ubuntu3.10
2023-09-30 01:16:29 status half-configured libpam-systemd:amd64 249.11-0ubuntu3.9
2023-09-30 01:16:29 status unpacked libpam-systemd:amd64 249.11-0ubuntu3.9
2023-09-30 01:16:29 status half-installed libpam-systemd:amd64 249.11-0ubuntu3.9
2023-09-30 01:16:29 status unpacked libpam-systemd:amd64 249.11-0ubuntu3.10
2023-09-30 01:16:29 upgrade systemd:amd64 249.11-0ubuntu3.9 249.11-0ubuntu3.10
2023-09-30 01:16:29 status half-configured systemd:amd64 249.11-0ubuntu3.9
2023-09-30 01:16:29 status unpacked systemd:amd64 249.11-0ubuntu3.9
2023-09-30 01:16:29 status half-installed systemd:amd64 249.11-0ubuntu3.9
2023-09-30 01:16:30 status unpacked systemd:amd64 249.11-0ubuntu3.10
2023-09-30 01:16:30 upgrade udev:amd64 249.11-0ubuntu3.9 249.11-0ubuntu3.10
2023-09-30 01:16:30 status half-configured udev:amd64 249.11-0ubuntu3.9
2023-09-30 01:16:30 status unpacked udev:amd64 249.11-0ubuntu3.9
2023-09-30 01:16:30 status half-installed udev:amd64 249.11-0ubuntu3.9
2023-09-30 01:16:30 status unpacked udev:amd64 249.11-0ubuntu3.10
2023-09-30 01:16:30 upgrade libudev1:amd64 249.11-0ubuntu3.9 249.11-0ubuntu3.10
2023-09-30 01:16:30 status half-configured libudev1:amd64 249.11-0ubuntu3.9
2023-09-30 01:16:30 status unpacked libudev1:amd64 249.11-0ubuntu3.9
2023-09-30 01:16:30 status half-installed libudev1:amd64 249.11-0ubuntu3.9
2023-09-30 01:16:30 status unpacked libudev1:amd64 249.11-0ubuntu3.10
2023-09-30 01:16:30 startup packages configure
2023-09-30 01:16:30 configure libudev1:amd64 249.11-0ubuntu3.10 <none>
2023-09-30 01:16:30 status unpacked libudev1:amd64 249.11-0ubuntu3.10
2023-09-30 01:16:30 status half-configured libudev1:amd64 249.11-0ubuntu3.10
2023-09-30 01:16:30 status installed libudev1:amd64 249.11-0ubuntu3.10
2023-09-30 01:16:30 startup archives unpack
2023-09-30 01:16:30 upgrade libxtables12:amd64 1.8.7-1ubuntu5 1.8.7-1ubuntu5.1
2023-09-30 01:16:30 status half-configured libxtables12:amd64 1.8.7-1ubuntu5
2023-09-30 01:16:30 status unpacked libxtables12:amd64 1.8.7-1ubuntu5
2023-09-30 01:16:30 status half-installed libxtables12:amd64 1.8.7-1ubuntu5
2023-09-30 01:16:30 status unpacked libxtables12:amd64 1.8.7-1ubuntu5.1
2023-09-30 01:16:30 upgrade iptables:amd64 1.8.7-1ubuntu5 1.8.7-1ubuntu5.1
2023-09-30 01:16:30 status half-configured iptables:amd64 1.8.7-1ubuntu5
2023-09-30 01:16:30 status unpacked iptables:amd64 1.8.7-1ubuntu5
2023-09-30 01:16:30 status half-installed iptables:amd64 1.8.7-1ubuntu5
2023-09-30 01:16:31 status unpacked iptables:amd64 1.8.7-1ubuntu5.1
2023-09-30 01:16:31 upgrade libip6tc2:amd64 1.8.7-1ubuntu5 1.8.7-1ubuntu5.1
2023-09-30 01:16:31 status half-configured libip6tc2:amd64 1.8.7-1ubuntu5
2023-09-30 01:16:31 status unpacked libip6tc2:amd64 1.8.7-1ubuntu5
2023-09-30 01:16:31 status half-installed libip6tc2:amd64 1.8.7-1ubuntu5
2023-09-30 01:16:31 status unpacked libip6tc2:amd64 1.8.7-1ubuntu5.1
2023-09-30 01:16:31 upgrade libip4tc2:amd64 1.8.7-1ubuntu5 1.8.7-1ubuntu5.1
2023-09-30 01:16:31 status half-configured libip4tc2:amd64 1.8.7-1ubuntu5
2023-09-30 01:16:31 status unpacked libip4tc2:amd64 1.8.7-1ubuntu5
2023-09-30 01:16:31 status half-installed libip4tc2:amd64 1.8.7-1ubuntu5
2023-09-30 01:16:31 status unpacked libip4tc2:amd64 1.8.7-1ubuntu5.1
2023-09-30 01:16:31 upgrade libapt-pkg6.0:amd64 2.4.9 2.4.10
2023-09-30 01:16:31 status half-configured libapt-pkg6.0:amd64 2.4.9
2023-09-30 01:16:31 status unpacked libapt-pkg6.0:amd64 2.4.9
2023-09-30 01:16:31 status half-installed libapt-pkg6.0:amd64 2.4.9
2023-09-30 01:16:31 status unpacked libapt-pkg6.0:amd64 2.4.10
2023-09-30 01:16:31 startup packages configure
2023-09-30 01:16:31 configure libapt-pkg6.0:amd64 2.4.10 <none>
2023-09-30 01:16:31 status unpacked libapt-pkg6.0:amd64 2.4.10
2023-09-30 01:16:31 status half-configured libapt-pkg6.0:amd64 2.4.10
2023-09-30 01:16:31 status installed libapt-pkg6.0:amd64 2.4.10
2023-09-30 01:16:31 startup archives unpack
2023-09-30 01:16:31 upgrade dpkg:amd64 1.21.1ubuntu2.1 1.21.1ubuntu2.2
2023-09-30 01:16:31 status half-configured dpkg:amd64 1.21.1ubuntu2.1
2023-09-30 01:16:31 status unpacked dpkg:amd64 1.21.1ubuntu2.1
2023-09-30 01:16:31 status half-installed dpkg:amd64 1.21.1ubuntu2.1
2023-09-30 01:16:31 status unpacked dpkg:amd64 1.21.1ubuntu2.2
2023-09-30 01:16:31 startup packages configure
2023-09-30 01:16:31 configure dpkg:amd64 1.21.1ubuntu2.2 <none>
2023-09-30 01:16:31 status unpacked dpkg:amd64 1.21.1ubuntu2.2
2023-09-30 01:16:32 status half-configured dpkg:amd64 1.21.1ubuntu2.2
2023-09-30 01:16:32 status installed dpkg:amd64 1.21.1ubuntu2.2
2023-09-30 01:16:32 startup archives unpack
2023-09-30 01:16:32 upgrade libc-bin:amd64 2.35-0ubuntu3.1 2.35-0ubuntu3.3
2023-09-30 01:16:32 status half-configured libc-bin:amd64 2.35-0ubuntu3.1
2023-09-30 01:16:32 status unpacked libc-bin:amd64 2.35-0ubuntu3.1
2023-09-30 01:16:32 status half-installed libc-bin:amd64 2.35-0ubuntu3.1
2023-09-30 01:16:32 status unpacked libc-bin:amd64 2.35-0ubuntu3.3
2023-09-30 01:16:32 startup packages configure
2023-09-30 01:16:32 configure libc-bin:amd64 2.35-0ubuntu3.3 <none>
2023-09-30 01:16:32 status unpacked libc-bin:amd64 2.35-0ubuntu3.3
2023-09-30 01:16:32 status half-configured libc-bin:amd64 2.35-0ubuntu3.3
2023-09-30 01:16:32 status installed libc-bin:amd64 2.35-0ubuntu3.3
2023-09-30 01:16:32 startup archives unpack
2023-09-30 01:16:32 upgrade apt:amd64 2.4.9 2.4.10
2023-09-30 01:16:32 status triggers-pending libc-bin:amd64 2.35-0ubuntu3.3
2023-09-30 01:16:32 status half-configured apt:amd64 2.4.9
2023-09-30 01:16:32 status unpacked apt:amd64 2.4.9
2023-09-30 01:16:32 status half-installed apt:amd64 2.4.9
2023-09-30 01:16:33 status unpacked apt:amd64 2.4.10
2023-09-30 01:16:33 startup packages configure
2023-09-30 01:16:33 configure apt:amd64 2.4.10 <none>
2023-09-30 01:16:33 status unpacked apt:amd64 2.4.10
2023-09-30 01:16:33 status half-configured apt:amd64 2.4.10
2023-09-30 01:16:33 status installed apt:amd64 2.4.10
2023-09-30 01:16:33 startup archives unpack
2023-09-30 01:16:33 upgrade apt-utils:amd64 2.4.9 2.4.10
2023-09-30 01:16:33 status half-configured apt-utils:amd64 2.4.9
2023-09-30 01:16:33 status unpacked apt-utils:amd64 2.4.9
2023-09-30 01:16:33 status half-installed apt-utils:amd64 2.4.9
2023-09-30 01:16:33 status unpacked apt-utils:amd64 2.4.10
2023-09-30 01:16:33 upgrade libk5crypto3:amd64 1.19.2-2ubuntu0.1 1.19.2-2ubuntu0.2
2023-09-30 01:16:33 status half-configured libk5crypto3:amd64 1.19.2-2ubuntu0.1
2023-09-30 01:16:33 status unpacked libk5crypto3:amd64 1.19.2-2ubuntu0.1
2023-09-30 01:16:33 status half-installed libk5crypto3:amd64 1.19.2-2ubuntu0.1
2023-09-30 01:16:33 status unpacked libk5crypto3:amd64 1.19.2-2ubuntu0.2
2023-09-30 01:16:33 startup packages configure
2023-09-30 01:16:33 configure libk5crypto3:amd64 1.19.2-2ubuntu0.2 <none>
2023-09-30 01:16:33 status unpacked libk5crypto3:amd64 1.19.2-2ubuntu0.2
2023-09-30 01:16:33 status half-configured libk5crypto3:amd64 1.19.2-2ubuntu0.2
2023-09-30 01:16:33 status installed libk5crypto3:amd64 1.19.2-2ubuntu0.2
2023-09-30 01:16:33 startup archives unpack
2023-09-30 01:16:33 upgrade libkrb5support0:amd64 1.19.2-2ubuntu0.1 1.19.2-2ubuntu0.2
2023-09-30 01:16:33 status half-configured libkrb5support0:amd64 1.19.2-2ubuntu0.1
2023-09-30 01:16:33 status unpacked libkrb5support0:amd64 1.19.2-2ubuntu0.1
2023-09-30 01:16:33 status half-installed libkrb5support0:amd64 1.19.2-2ubuntu0.1
2023-09-30 01:16:33 status unpacked libkrb5support0:amd64 1.19.2-2ubuntu0.2
2023-09-30 01:16:34 startup packages configure
2023-09-30 01:16:34 configure libkrb5support0:amd64 1.19.2-2ubuntu0.2 <none>
2023-09-30 01:16:34 status unpacked libkrb5support0:amd64 1.19.2-2ubuntu0.2
2023-09-30 01:16:34 status half-configured libkrb5support0:amd64 1.19.2-2ubuntu0.2
2023-09-30 01:16:34 status installed libkrb5support0:amd64 1.19.2-2ubuntu0.2
2023-09-30 01:16:34 startup archives unpack
2023-09-30 01:16:34 upgrade libkrb5-3:amd64 1.19.2-2ubuntu0.1 1.19.2-2ubuntu0.2
2023-09-30 01:16:34 status half-configured libkrb5-3:amd64 1.19.2-2ubuntu0.1
2023-09-30 01:16:34 status unpacked libkrb5-3:amd64 1.19.2-2ubuntu0.1
2023-09-30 01:16:34 status half-installed libkrb5-3:amd64 1.19.2-2ubuntu0.1
2023-09-30 01:16:34 status unpacked libkrb5-3:amd64 1.19.2-2ubuntu0.2
2023-09-30 01:16:34 startup packages configure
2023-09-30 01:16:34 configure libkrb5-3:amd64 1.19.2-2ubuntu0.2 <none>
2023-09-30 01:16:34 status unpacked libkrb5-3:amd64 1.19.2-2ubuntu0.2
2023-09-30 01:16:34 status half-configured libkrb5-3:amd64 1.19.2-2ubuntu0.2
2023-09-30 01:16:34 status installed libkrb5-3:amd64 1.19.2-2ubuntu0.2
2023-09-30 01:16:34 startup archives unpack
2023-09-30 01:16:34 upgrade libgssapi-krb5-2:amd64 1.19.2-2ubuntu0.1 1.19.2-2ubuntu0.2
2023-09-30 01:16:34 status half-configured libgssapi-krb5-2:amd64 1.19.2-2ubuntu0.1
2023-09-30 01:16:34 status unpacked libgssapi-krb5-2:amd64 1.19.2-2ubuntu0.1
2023-09-30 01:16:34 status half-installed libgssapi-krb5-2:amd64 1.19.2-2ubuntu0.1
2023-09-30 01:16:34 status unpacked libgssapi-krb5-2:amd64 1.19.2-2ubuntu0.2
2023-09-30 01:16:34 startup packages configure
2023-09-30 01:16:34 configure libgssapi-krb5-2:amd64 1.19.2-2ubuntu0.2 <none>
2023-09-30 01:16:34 status unpacked libgssapi-krb5-2:amd64 1.19.2-2ubuntu0.2
2023-09-30 01:16:34 status half-configured libgssapi-krb5-2:amd64 1.19.2-2ubuntu0.2
2023-09-30 01:16:34 status installed libgssapi-krb5-2:amd64 1.19.2-2ubuntu0.2
2023-09-30 01:16:34 startup archives unpack
2023-09-30 01:16:34 upgrade distro-info-data:all 0.52ubuntu0.3 0.52ubuntu0.4
2023-09-30 01:16:34 status half-configured distro-info-data:all 0.52ubuntu0.3
2023-09-30 01:16:34 status unpacked distro-info-data:all 0.52ubuntu0.3
2023-09-30 01:16:34 status half-installed distro-info-data:all 0.52ubuntu0.3
2023-09-30 01:16:34 status unpacked distro-info-data:all 0.52ubuntu0.4
2023-09-30 01:16:34 upgrade distro-info:amd64 1.1build1 1.1ubuntu0.1
2023-09-30 01:16:34 status half-configured distro-info:amd64 1.1build1
2023-09-30 01:16:34 status unpacked distro-info:amd64 1.1build1
2023-09-30 01:16:34 status half-installed distro-info:amd64 1.1build1
2023-09-30 01:16:34 status unpacked distro-info:amd64 1.1ubuntu0.1
2023-09-30 01:16:34 upgrade locales:all 2.35-0ubuntu3.1 2.35-0ubuntu3.3
2023-09-30 01:16:34 status half-configured locales:all 2.35-0ubuntu3.1
2023-09-30 01:16:34 status unpacked locales:all 2.35-0ubuntu3.1
2023-09-30 01:16:34 status half-installed locales:all 2.35-0ubuntu3.1
2023-09-30 01:16:35 status unpacked locales:all 2.35-0ubuntu3.3
2023-09-30 01:16:35 upgrade python-apt-common:all 2.4.0ubuntu1 2.4.0ubuntu2
2023-09-30 01:16:35 status half-configured python-apt-common:all 2.4.0ubuntu1
2023-09-30 01:16:35 status unpacked python-apt-common:all 2.4.0ubuntu1
2023-09-30 01:16:35 status half-installed python-apt-common:all 2.4.0ubuntu1
2023-09-30 01:16:35 status unpacked python-apt-common:all 2.4.0ubuntu2
2023-09-30 01:16:35 upgrade python3-apt:amd64 2.4.0ubuntu1 2.4.0ubuntu2
2023-09-30 01:16:35 status half-configured python3-apt:amd64 2.4.0ubuntu1
2023-09-30 01:16:35 status unpacked python3-apt:amd64 2.4.0ubuntu1
2023-09-30 01:16:35 status half-installed python3-apt:amd64 2.4.0ubuntu1
2023-09-30 01:16:35 status unpacked python3-apt:amd64 2.4.0ubuntu2
2023-09-30 01:16:35 upgrade tzdata:all 2023c-0ubuntu0.22.04.1 2023c-0ubuntu0.22.04.2
2023-09-30 01:16:35 status half-configured tzdata:all 2023c-0ubuntu0.22.04.1
2023-09-30 01:16:35 status unpacked tzdata:all 2023c-0ubuntu0.22.04.1
2023-09-30 01:16:35 status half-installed tzdata:all 2023c-0ubuntu0.22.04.1
2023-09-30 01:16:36 status unpacked tzdata:all 2023c-0ubuntu0.22.04.2
2023-09-30 01:16:36 upgrade ubuntu-advantage-tools:amd64 27.14.4~22.04 29.4~22.04
2023-09-30 01:16:36 status half-configured ubuntu-advantage-tools:amd64 27.14.4~22.04
2023-09-30 01:16:36 status unpacked ubuntu-advantage-tools:amd64 27.14.4~22.04
2023-09-30 01:16:36 status half-installed ubuntu-advantage-tools:amd64 27.14.4~22.04
2023-09-30 01:16:37 status unpacked ubuntu-advantage-tools:amd64 29.4~22.04
2023-09-30 01:16:37 upgrade ubuntu-minimal:amd64 1.481 1.481.1
2023-09-30 01:16:37 status half-configured ubuntu-minimal:amd64 1.481
2023-09-30 01:16:37 status unpacked ubuntu-minimal:amd64 1.481
2023-09-30 01:16:37 status half-installed ubuntu-minimal:amd64 1.481
2023-09-30 01:16:37 status unpacked ubuntu-minimal:amd64 1.481.1
2023-09-30 01:16:37 upgrade bind9-dnsutils:amd64 1:9.18.12-0ubuntu0.22.04.2 1:9.18.12-0ubuntu0.22.04.3
2023-09-30 01:16:37 status half-configured bind9-dnsutils:amd64 1:9.18.12-0ubuntu0.22.04.2
2023-09-30 01:16:37 status unpacked bind9-dnsutils:amd64 1:9.18.12-0ubuntu0.22.04.2
2023-09-30 01:16:37 status half-installed bind9-dnsutils:amd64 1:9.18.12-0ubuntu0.22.04.2
2023-09-30 01:16:37 status unpacked bind9-dnsutils:amd64 1:9.18.12-0ubuntu0.22.04.3
2023-09-30 01:16:37 upgrade bind9-host:amd64 1:9.18.12-0ubuntu0.22.04.2 1:9.18.12-0ubuntu0.22.04.3
2023-09-30 01:16:37 status half-configured bind9-host:amd64 1:9.18.12-0ubuntu0.22.04.2
2023-09-30 01:16:37 status unpacked bind9-host:amd64 1:9.18.12-0ubuntu0.22.04.2
2023-09-30 01:16:37 status half-installed bind9-host:amd64 1:9.18.12-0ubuntu0.22.04.2
2023-09-30 01:16:37 status unpacked bind9-host:amd64 1:9.18.12-0ubuntu0.22.04.3
2023-09-30 01:16:37 upgrade bind9-libs:amd64 1:9.18.12-0ubuntu0.22.04.2 1:9.18.12-0ubuntu0.22.04.3
2023-09-30 01:16:37 status half-configured bind9-libs:amd64 1:9.18.12-0ubuntu0.22.04.2
2023-09-30 01:16:37 status unpacked bind9-libs:amd64 1:9.18.12-0ubuntu0.22.04.2
2023-09-30 01:16:37 status half-installed bind9-libs:amd64 1:9.18.12-0ubuntu0.22.04.2
2023-09-30 01:16:37 status unpacked bind9-libs:amd64 1:9.18.12-0ubuntu0.22.04.3
2023-09-30 01:16:37 upgrade git-man:all 1:2.34.1-1ubuntu1.9 1:2.34.1-1ubuntu1.10
2023-09-30 01:16:37 status half-configured git-man:all 1:2.34.1-1ubuntu1.9
2023-09-30 01:16:37 status unpacked git-man:all 1:2.34.1-1ubuntu1.9
2023-09-30 01:16:37 status half-installed git-man:all 1:2.34.1-1ubuntu1.9
2023-09-30 01:16:37 status unpacked git-man:all 1:2.34.1-1ubuntu1.10
2023-09-30 01:16:37 upgrade git:amd64 1:2.34.1-1ubuntu1.9 1:2.34.1-1ubuntu1.10
2023-09-30 01:16:37 status half-configured git:amd64 1:2.34.1-1ubuntu1.9
2023-09-30 01:16:37 status unpacked git:amd64 1:2.34.1-1ubuntu1.9
2023-09-30 01:16:37 status half-installed git:amd64 1:2.34.1-1ubuntu1.9
2023-09-30 01:16:38 status unpacked git:amd64 1:2.34.1-1ubuntu1.10
2023-09-30 01:16:38 upgrade openssh-client:amd64 1:8.9p1-3ubuntu0.3 1:8.9p1-3ubuntu0.4
2023-09-30 01:16:38 status half-configured openssh-client:amd64 1:8.9p1-3ubuntu0.3
2023-09-30 01:16:38 status unpacked openssh-client:amd64 1:8.9p1-3ubuntu0.3
2023-09-30 01:16:38 status half-installed openssh-client:amd64 1:8.9p1-3ubuntu0.3
2023-09-30 01:16:38 status unpacked openssh-client:amd64 1:8.9p1-3ubuntu0.4
2023-09-30 01:16:38 upgrade python3-distro-info:all 1.1build1 1.1ubuntu0.1
2023-09-30 01:16:38 status half-configured python3-distro-info:all 1.1build1
2023-09-30 01:16:38 status unpacked python3-distro-info:all 1.1build1
2023-09-30 01:16:38 status half-installed python3-distro-info:all 1.1build1
2023-09-30 01:16:38 status unpacked python3-distro-info:all 1.1ubuntu0.1
2023-09-30 01:16:38 upgrade ubuntu-release-upgrader-core:all 1:22.04.16 1:22.04.17
2023-09-30 01:16:38 status half-configured ubuntu-release-upgrader-core:all 1:22.04.16
2023-09-30 01:16:38 status unpacked ubuntu-release-upgrader-core:all 1:22.04.16
2023-09-30 01:16:38 status half-installed ubuntu-release-upgrader-core:all 1:22.04.16
2023-09-30 01:16:38 status unpacked ubuntu-release-upgrader-core:all 1:22.04.17
2023-09-30 01:16:38 upgrade python3-distupgrade:all 1:22.04.16 1:22.04.17
2023-09-30 01:16:38 status half-configured python3-distupgrade:all 1:22.04.16
2023-09-30 01:16:38 status unpacked python3-distupgrade:all 1:22.04.16
2023-09-30 01:16:38 status half-installed python3-distupgrade:all 1:22.04.16
2023-09-30 01:16:38 status unpacked python3-distupgrade:all 1:22.04.17
2023-09-30 01:16:39 upgrade ubuntu-standard:amd64 1.481 1.481.1
2023-09-30 01:16:39 status half-configured ubuntu-standard:amd64 1.481
2023-09-30 01:16:39 status unpacked ubuntu-standard:amd64 1.481
2023-09-30 01:16:39 status half-installed ubuntu-standard:amd64 1.481
2023-09-30 01:16:39 status unpacked ubuntu-standard:amd64 1.481.1
2023-09-30 01:16:39 upgrade ufw:all 0.36.1-4build1 0.36.1-4ubuntu0.1
2023-09-30 01:16:39 status half-configured ufw:all 0.36.1-4build1
2023-09-30 01:16:39 status unpacked ufw:all 0.36.1-4build1
2023-09-30 01:16:39 status half-installed ufw:all 0.36.1-4build1
2023-09-30 01:16:39 status triggers-pending rsyslog:amd64 8.2112.0-2ubuntu2.2
2023-09-30 01:16:39 status unpacked ufw:all 0.36.1-4ubuntu0.1
2023-09-30 01:16:39 upgrade python3-problem-report:all 2.20.11-0ubuntu82.4 2.20.11-0ubuntu82.5
2023-09-30 01:16:39 status half-configured python3-problem-report:all 2.20.11-0ubuntu82.4
2023-09-30 01:16:39 status unpacked python3-problem-report:all 2.20.11-0ubuntu82.4
2023-09-30 01:16:39 status half-installed python3-problem-report:all 2.20.11-0ubuntu82.4
2023-09-30 01:16:39 status unpacked python3-problem-report:all 2.20.11-0ubuntu82.5
2023-09-30 01:16:39 upgrade python3-apport:all 2.20.11-0ubuntu82.4 2.20.11-0ubuntu82.5
2023-09-30 01:16:39 status half-configured python3-apport:all 2.20.11-0ubuntu82.4
2023-09-30 01:16:39 status unpacked python3-apport:all 2.20.11-0ubuntu82.4
2023-09-30 01:16:39 status half-installed python3-apport:all 2.20.11-0ubuntu82.4
2023-09-30 01:16:39 status unpacked python3-apport:all 2.20.11-0ubuntu82.5
2023-09-30 01:16:39 upgrade apport:all 2.20.11-0ubuntu82.4 2.20.11-0ubuntu82.5
2023-09-30 01:16:39 status half-configured apport:all 2.20.11-0ubuntu82.4
2023-09-30 01:16:39 status unpacked apport:all 2.20.11-0ubuntu82.4
2023-09-30 01:16:39 status half-installed apport:all 2.20.11-0ubuntu82.4
2023-09-30 01:16:39 status unpacked apport:all 2.20.11-0ubuntu82.5
2023-09-30 01:16:39 upgrade containerd.io:amd64 1.6.22-1 1.6.24-1
2023-09-30 01:16:39 status half-configured containerd.io:amd64 1.6.22-1
2023-09-30 01:16:39 status unpacked containerd.io:amd64 1.6.22-1
2023-09-30 01:16:39 status half-installed containerd.io:amd64 1.6.22-1
2023-09-30 01:16:42 status unpacked containerd.io:amd64 1.6.24-1
2023-09-30 01:16:42 upgrade docker-ce-cli:amd64 5:24.0.5-1~ubuntu.22.04~jammy 5:24.0.6-1~ubuntu.22.04~jammy
2023-09-30 01:16:42 status half-configured docker-ce-cli:amd64 5:24.0.5-1~ubuntu.22.04~jammy
2023-09-30 01:16:42 status unpacked docker-ce-cli:amd64 5:24.0.5-1~ubuntu.22.04~jammy
2023-09-30 01:16:42 status half-installed docker-ce-cli:amd64 5:24.0.5-1~ubuntu.22.04~jammy
2023-09-30 01:16:43 status unpacked docker-ce-cli:amd64 5:24.0.6-1~ubuntu.22.04~jammy
2023-09-30 01:16:43 upgrade docker-ce:amd64 5:24.0.5-1~ubuntu.22.04~jammy 5:24.0.6-1~ubuntu.22.04~jammy
2023-09-30 01:16:43 status half-configured docker-ce:amd64 5:24.0.5-1~ubuntu.22.04~jammy
2023-09-30 01:16:43 status unpacked docker-ce:amd64 5:24.0.5-1~ubuntu.22.04~jammy
2023-09-30 01:16:43 status half-installed docker-ce:amd64 5:24.0.5-1~ubuntu.22.04~jammy
2023-09-30 01:16:45 status unpacked docker-ce:amd64 5:24.0.6-1~ubuntu.22.04~jammy
2023-09-30 01:16:45 upgrade docker-ce-rootless-extras:amd64 5:24.0.5-1~ubuntu.22.04~jammy 5:24.0.6-1~ubuntu.22.04~jammy
2023-09-30 01:16:45 status half-configured docker-ce-rootless-extras:amd64 5:24.0.5-1~ubuntu.22.04~jammy
2023-09-30 01:16:45 status unpacked docker-ce-rootless-extras:amd64 5:24.0.5-1~ubuntu.22.04~jammy
2023-09-30 01:16:45 status half-installed docker-ce-rootless-extras:amd64 5:24.0.5-1~ubuntu.22.04~jammy
2023-09-30 01:16:46 status unpacked docker-ce-rootless-extras:amd64 5:24.0.6-1~ubuntu.22.04~jammy
2023-09-30 01:16:46 upgrade docker-compose-plugin:amd64 2.20.2-1~ubuntu.22.04~jammy 2.21.0-1~ubuntu.22.04~jammy
2023-09-30 01:16:46 status half-configured docker-compose-plugin:amd64 2.20.2-1~ubuntu.22.04~jammy
2023-09-30 01:16:46 status unpacked docker-compose-plugin:amd64 2.20.2-1~ubuntu.22.04~jammy
2023-09-30 01:16:46 status half-installed docker-compose-plugin:amd64 2.20.2-1~ubuntu.22.04~jammy
2023-09-30 01:16:47 status unpacked docker-compose-plugin:amd64 2.21.0-1~ubuntu.22.04~jammy
2023-09-30 01:16:47 upgrade dpkg-dev:all 1.21.1ubuntu2.1 1.21.1ubuntu2.2
2023-09-30 01:16:47 status half-configured dpkg-dev:all 1.21.1ubuntu2.1
2023-09-30 01:16:47 status unpacked dpkg-dev:all 1.21.1ubuntu2.1
2023-09-30 01:16:47 status half-installed dpkg-dev:all 1.21.1ubuntu2.1
2023-09-30 01:16:47 status unpacked dpkg-dev:all 1.21.1ubuntu2.2
2023-09-30 01:16:47 upgrade libdpkg-perl:all 1.21.1ubuntu2.1 1.21.1ubuntu2.2
2023-09-30 01:16:47 status half-configured libdpkg-perl:all 1.21.1ubuntu2.1
2023-09-30 01:16:47 status unpacked libdpkg-perl:all 1.21.1ubuntu2.1
2023-09-30 01:16:47 status half-installed libdpkg-perl:all 1.21.1ubuntu2.1
2023-09-30 01:16:47 status unpacked libdpkg-perl:all 1.21.1ubuntu2.2
2023-09-30 01:16:47 upgrade libldap-2.5-0:amd64 2.5.14+dfsg-0ubuntu0.22.04.2 2.5.16+dfsg-0ubuntu0.22.04.1
2023-09-30 01:16:47 status half-configured libldap-2.5-0:amd64 2.5.14+dfsg-0ubuntu0.22.04.2
2023-09-30 01:16:47 status unpacked libldap-2.5-0:amd64 2.5.14+dfsg-0ubuntu0.22.04.2
2023-09-30 01:16:47 status half-installed libldap-2.5-0:amd64 2.5.14+dfsg-0ubuntu0.22.04.2
2023-09-30 01:16:47 status unpacked libldap-2.5-0:amd64 2.5.16+dfsg-0ubuntu0.22.04.1
2023-09-30 01:16:47 upgrade libldap-common:all 2.5.14+dfsg-0ubuntu0.22.04.2 2.5.16+dfsg-0ubuntu0.22.04.1
2023-09-30 01:16:47 status half-configured libldap-common:all 2.5.14+dfsg-0ubuntu0.22.04.2
2023-09-30 01:16:47 status unpacked libldap-common:all 2.5.14+dfsg-0ubuntu0.22.04.2
2023-09-30 01:16:47 status half-installed libldap-common:all 2.5.14+dfsg-0ubuntu0.22.04.2
2023-09-30 01:16:47 status unpacked libldap-common:all 2.5.16+dfsg-0ubuntu0.22.04.1
2023-09-30 01:16:48 upgrade libunwind8:amd64 1.3.2-2build2 1.3.2-2build2.1
2023-09-30 01:16:48 status half-configured libunwind8:amd64 1.3.2-2build2
2023-09-30 01:16:48 status unpacked libunwind8:amd64 1.3.2-2build2
2023-09-30 01:16:48 status half-installed libunwind8:amd64 1.3.2-2build2
2023-09-30 01:16:48 status unpacked libunwind8:amd64 1.3.2-2build2.1
2023-09-30 01:16:48 upgrade software-properties-common:all 0.99.22.6 0.99.22.7
2023-09-30 01:16:48 status half-configured software-properties-common:all 0.99.22.6
2023-09-30 01:16:48 status unpacked software-properties-common:all 0.99.22.6
2023-09-30 01:16:48 status half-installed software-properties-common:all 0.99.22.6
2023-09-30 01:16:48 status triggers-pending dbus:amd64 1.12.20-2ubuntu4.1
2023-09-30 01:16:48 status unpacked software-properties-common:all 0.99.22.7
2023-09-30 01:16:48 upgrade python3-software-properties:all 0.99.22.6 0.99.22.7
2023-09-30 01:16:48 status half-configured python3-software-properties:all 0.99.22.6
2023-09-30 01:16:48 status unpacked python3-software-properties:all 0.99.22.6
2023-09-30 01:16:48 status half-installed python3-software-properties:all 0.99.22.6
2023-09-30 01:16:48 status unpacked python3-software-properties:all 0.99.22.7
2023-09-30 01:16:48 upgrade ubuntu-wsl:amd64 1.481 1.481.1
2023-09-30 01:16:48 status half-configured ubuntu-wsl:amd64 1.481
2023-09-30 01:16:48 status unpacked ubuntu-wsl:amd64 1.481
2023-09-30 01:16:48 status half-installed ubuntu-wsl:amd64 1.481
2023-09-30 01:16:48 status unpacked ubuntu-wsl:amd64 1.481.1
2023-09-30 01:16:48 startup packages configure
2023-09-30 01:16:48 configure libip4tc2:amd64 1.8.7-1ubuntu5.1 <none>
2023-09-30 01:16:48 status unpacked libip4tc2:amd64 1.8.7-1ubuntu5.1
2023-09-30 01:16:48 status half-configured libip4tc2:amd64 1.8.7-1ubuntu5.1
2023-09-30 01:16:48 status installed libip4tc2:amd64 1.8.7-1ubuntu5.1
2023-09-30 01:16:48 configure motd-news-config:all 12ubuntu4.4 <none>
2023-09-30 01:16:48 status unpacked motd-news-config:all 12ubuntu4.4
2023-09-30 01:16:48 status half-configured motd-news-config:all 12ubuntu4.4
2023-09-30 01:16:48 status installed motd-news-config:all 12ubuntu4.4
2023-09-30 01:16:48 configure apt-utils:amd64 2.4.10 <none>
2023-09-30 01:16:48 status unpacked apt-utils:amd64 2.4.10
2023-09-30 01:16:48 status half-configured apt-utils:amd64 2.4.10
2023-09-30 01:16:48 status installed apt-utils:amd64 2.4.10
2023-09-30 01:16:48 configure bind9-libs:amd64 1:9.18.12-0ubuntu0.22.04.3 <none>
2023-09-30 01:16:48 status unpacked bind9-libs:amd64 1:9.18.12-0ubuntu0.22.04.3
2023-09-30 01:16:48 status half-configured bind9-libs:amd64 1:9.18.12-0ubuntu0.22.04.3
2023-09-30 01:16:48 status installed bind9-libs:amd64 1:9.18.12-0ubuntu0.22.04.3
2023-09-30 01:16:48 configure python3-problem-report:all 2.20.11-0ubuntu82.5 <none>
2023-09-30 01:16:48 status unpacked python3-problem-report:all 2.20.11-0ubuntu82.5
2023-09-30 01:16:48 status half-configured python3-problem-report:all 2.20.11-0ubuntu82.5
2023-09-30 01:16:48 status installed python3-problem-report:all 2.20.11-0ubuntu82.5
2023-09-30 01:16:48 configure libip6tc2:amd64 1.8.7-1ubuntu5.1 <none>
2023-09-30 01:16:48 status unpacked libip6tc2:amd64 1.8.7-1ubuntu5.1
2023-09-30 01:16:48 status half-configured libip6tc2:amd64 1.8.7-1ubuntu5.1
2023-09-30 01:16:48 status installed libip6tc2:amd64 1.8.7-1ubuntu5.1
2023-09-30 01:16:48 configure distro-info-data:all 0.52ubuntu0.4 <none>
2023-09-30 01:16:48 status unpacked distro-info-data:all 0.52ubuntu0.4
2023-09-30 01:16:48 status half-configured distro-info-data:all 0.52ubuntu0.4
2023-09-30 01:16:48 status installed distro-info-data:all 0.52ubuntu0.4
2023-09-30 01:16:48 configure openssh-client:amd64 1:8.9p1-3ubuntu0.4 <none>
2023-09-30 01:16:48 status unpacked openssh-client:amd64 1:8.9p1-3ubuntu0.4
2023-09-30 01:16:48 status half-configured openssh-client:amd64 1:8.9p1-3ubuntu0.4
2023-09-30 01:16:48 status installed openssh-client:amd64 1:8.9p1-3ubuntu0.4
2023-09-30 01:16:48 configure linux-libc-dev:amd64 5.15.0-84.93 <none>
2023-09-30 01:16:48 status unpacked linux-libc-dev:amd64 5.15.0-84.93
2023-09-30 01:16:48 status half-configured linux-libc-dev:amd64 5.15.0-84.93
2023-09-30 01:16:48 status installed linux-libc-dev:amd64 5.15.0-84.93
2023-09-30 01:16:48 configure systemd:amd64 249.11-0ubuntu3.10 <none>
2023-09-30 01:16:48 status unpacked systemd:amd64 249.11-0ubuntu3.10
2023-09-30 01:16:48 status half-configured systemd:amd64 249.11-0ubuntu3.10
2023-09-30 01:16:49 status installed systemd:amd64 249.11-0ubuntu3.10
2023-09-30 01:16:49 configure locales:all 2.35-0ubuntu3.3 <none>
2023-09-30 01:16:49 status unpacked locales:all 2.35-0ubuntu3.3
2023-09-30 01:16:49 status half-configured locales:all 2.35-0ubuntu3.3
2023-09-30 01:16:49 status installed locales:all 2.35-0ubuntu3.3
2023-09-30 01:16:49 configure libldap-common:all 2.5.16+dfsg-0ubuntu0.22.04.1 <none>
2023-09-30 01:16:49 status unpacked libldap-common:all 2.5.16+dfsg-0ubuntu0.22.04.1
2023-09-30 01:16:49 status half-configured libldap-common:all 2.5.16+dfsg-0ubuntu0.22.04.1
2023-09-30 01:16:49 status installed libldap-common:all 2.5.16+dfsg-0ubuntu0.22.04.1
2023-09-30 01:16:49 configure libunwind8:amd64 1.3.2-2build2.1 <none>
2023-09-30 01:16:49 status unpacked libunwind8:amd64 1.3.2-2build2.1
2023-09-30 01:16:49 status half-configured libunwind8:amd64 1.3.2-2build2.1
2023-09-30 01:16:49 status installed libunwind8:amd64 1.3.2-2build2.1
2023-09-30 01:16:49 configure libldap-2.5-0:amd64 2.5.16+dfsg-0ubuntu0.22.04.1 <none>
2023-09-30 01:16:49 status unpacked libldap-2.5-0:amd64 2.5.16+dfsg-0ubuntu0.22.04.1
2023-09-30 01:16:49 status half-configured libldap-2.5-0:amd64 2.5.16+dfsg-0ubuntu0.22.04.1
2023-09-30 01:16:49 status installed libldap-2.5-0:amd64 2.5.16+dfsg-0ubuntu0.22.04.1
2023-09-30 01:16:49 configure tzdata:all 2023c-0ubuntu0.22.04.2 <none>
2023-09-30 01:16:49 status unpacked tzdata:all 2023c-0ubuntu0.22.04.2
2023-09-30 01:16:49 status half-configured tzdata:all 2023c-0ubuntu0.22.04.2
2023-09-30 01:16:50 status installed tzdata:all 2023c-0ubuntu0.22.04.2
2023-09-30 01:16:50 configure systemd-timesyncd:amd64 249.11-0ubuntu3.10 <none>
2023-09-30 01:16:50 status unpacked systemd-timesyncd:amd64 249.11-0ubuntu3.10
2023-09-30 01:16:50 status half-configured systemd-timesyncd:amd64 249.11-0ubuntu3.10
2023-09-30 01:16:50 status installed systemd-timesyncd:amd64 249.11-0ubuntu3.10
2023-09-30 01:16:50 configure udev:amd64 249.11-0ubuntu3.10 <none>
2023-09-30 01:16:50 status unpacked udev:amd64 249.11-0ubuntu3.10
2023-09-30 01:16:50 status half-configured udev:amd64 249.11-0ubuntu3.10
2023-09-30 01:16:51 status installed udev:amd64 249.11-0ubuntu3.10
2023-09-30 01:16:51 configure containerd.io:amd64 1.6.24-1 <none>
2023-09-30 01:16:51 status unpacked containerd.io:amd64 1.6.24-1
2023-09-30 01:16:51 status half-configured containerd.io:amd64 1.6.24-1
2023-09-30 01:16:51 status installed containerd.io:amd64 1.6.24-1
2023-09-30 01:16:51 configure docker-compose-plugin:amd64 2.21.0-1~ubuntu.22.04~jammy <none>
2023-09-30 01:16:51 status unpacked docker-compose-plugin:amd64 2.21.0-1~ubuntu.22.04~jammy
2023-09-30 01:16:51 status half-configured docker-compose-plugin:amd64 2.21.0-1~ubuntu.22.04~jammy
2023-09-30 01:16:51 status installed docker-compose-plugin:amd64 2.21.0-1~ubuntu.22.04~jammy
2023-09-30 01:16:51 configure libxtables12:amd64 1.8.7-1ubuntu5.1 <none>
2023-09-30 01:16:51 status unpacked libxtables12:amd64 1.8.7-1ubuntu5.1
2023-09-30 01:16:51 status half-configured libxtables12:amd64 1.8.7-1ubuntu5.1
2023-09-30 01:16:51 status installed libxtables12:amd64 1.8.7-1ubuntu5.1
2023-09-30 01:16:51 configure libdpkg-perl:all 1.21.1ubuntu2.2 <none>
2023-09-30 01:16:51 status unpacked libdpkg-perl:all 1.21.1ubuntu2.2
2023-09-30 01:16:51 status half-configured libdpkg-perl:all 1.21.1ubuntu2.2
2023-09-30 01:16:51 status installed libdpkg-perl:all 1.21.1ubuntu2.2
2023-09-30 01:16:51 configure docker-ce-cli:amd64 5:24.0.6-1~ubuntu.22.04~jammy <none>
2023-09-30 01:16:51 status unpacked docker-ce-cli:amd64 5:24.0.6-1~ubuntu.22.04~jammy
2023-09-30 01:16:51 status half-configured docker-ce-cli:amd64 5:24.0.6-1~ubuntu.22.04~jammy
2023-09-30 01:16:51 status installed docker-ce-cli:amd64 5:24.0.6-1~ubuntu.22.04~jammy
2023-09-30 01:16:51 configure python-apt-common:all 2.4.0ubuntu2 <none>
2023-09-30 01:16:51 status unpacked python-apt-common:all 2.4.0ubuntu2
2023-09-30 01:16:51 status half-configured python-apt-common:all 2.4.0ubuntu2
2023-09-30 01:16:51 status installed python-apt-common:all 2.4.0ubuntu2
2023-09-30 01:16:51 configure git-man:all 1:2.34.1-1ubuntu1.10 <none>
2023-09-30 01:16:51 status unpacked git-man:all 1:2.34.1-1ubuntu1.10
2023-09-30 01:16:51 status half-configured git-man:all 1:2.34.1-1ubuntu1.10
2023-09-30 01:16:51 status installed git-man:all 1:2.34.1-1ubuntu1.10
2023-09-30 01:16:51 configure docker-ce-rootless-extras:amd64 5:24.0.6-1~ubuntu.22.04~jammy <none>
2023-09-30 01:16:51 status unpacked docker-ce-rootless-extras:amd64 5:24.0.6-1~ubuntu.22.04~jammy
2023-09-30 01:16:51 status half-configured docker-ce-rootless-extras:amd64 5:24.0.6-1~ubuntu.22.04~jammy
2023-09-30 01:16:51 status installed docker-ce-rootless-extras:amd64 5:24.0.6-1~ubuntu.22.04~jammy
2023-09-30 01:16:51 configure libc-dev-bin:amd64 2.35-0ubuntu3.3 <none>
2023-09-30 01:16:51 status unpacked libc-dev-bin:amd64 2.35-0ubuntu3.3
2023-09-30 01:16:51 status half-configured libc-dev-bin:amd64 2.35-0ubuntu3.3
2023-09-30 01:16:51 status installed libc-dev-bin:amd64 2.35-0ubuntu3.3
2023-09-30 01:16:51 configure bind9-host:amd64 1:9.18.12-0ubuntu0.22.04.3 <none>
2023-09-30 01:16:51 status unpacked bind9-host:amd64 1:9.18.12-0ubuntu0.22.04.3
2023-09-30 01:16:51 status half-configured bind9-host:amd64 1:9.18.12-0ubuntu0.22.04.3
2023-09-30 01:16:51 status installed bind9-host:amd64 1:9.18.12-0ubuntu0.22.04.3
2023-09-30 01:16:51 configure python3-distro-info:all 1.1ubuntu0.1 <none>
2023-09-30 01:16:51 status unpacked python3-distro-info:all 1.1ubuntu0.1
2023-09-30 01:16:51 status half-configured python3-distro-info:all 1.1ubuntu0.1
2023-09-30 01:16:52 status installed python3-distro-info:all 1.1ubuntu0.1
2023-09-30 01:16:52 configure libc-devtools:amd64 2.35-0ubuntu3.3 <none>
2023-09-30 01:16:52 status unpacked libc-devtools:amd64 2.35-0ubuntu3.3
2023-09-30 01:16:52 status half-configured libc-devtools:amd64 2.35-0ubuntu3.3
2023-09-30 01:16:52 status installed libc-devtools:amd64 2.35-0ubuntu3.3
2023-09-30 01:16:52 configure distro-info:amd64 1.1ubuntu0.1 <none>
2023-09-30 01:16:52 status unpacked distro-info:amd64 1.1ubuntu0.1
2023-09-30 01:16:52 status half-configured distro-info:amd64 1.1ubuntu0.1
2023-09-30 01:16:52 status installed distro-info:amd64 1.1ubuntu0.1
2023-09-30 01:16:52 configure systemd-sysv:amd64 249.11-0ubuntu3.10 <none>
2023-09-30 01:16:52 status unpacked systemd-sysv:amd64 249.11-0ubuntu3.10
2023-09-30 01:16:52 status half-configured systemd-sysv:amd64 249.11-0ubuntu3.10
2023-09-30 01:16:52 status installed systemd-sysv:amd64 249.11-0ubuntu3.10
2023-09-30 01:16:52 configure iptables:amd64 1.8.7-1ubuntu5.1 <none>
2023-09-30 01:16:52 status unpacked iptables:amd64 1.8.7-1ubuntu5.1
2023-09-30 01:16:52 status half-configured iptables:amd64 1.8.7-1ubuntu5.1
2023-09-30 01:16:52 status installed iptables:amd64 1.8.7-1ubuntu5.1
2023-09-30 01:16:52 configure python3-apt:amd64 2.4.0ubuntu2 <none>
2023-09-30 01:16:52 status unpacked python3-apt:amd64 2.4.0ubuntu2
2023-09-30 01:16:52 status half-configured python3-apt:amd64 2.4.0ubuntu2
2023-09-30 01:16:52 status installed python3-apt:amd64 2.4.0ubuntu2
2023-09-30 01:16:52 configure libnss-systemd:amd64 249.11-0ubuntu3.10 <none>
2023-09-30 01:16:52 status unpacked libnss-systemd:amd64 249.11-0ubuntu3.10
2023-09-30 01:16:52 status half-configured libnss-systemd:amd64 249.11-0ubuntu3.10
2023-09-30 01:16:52 status installed libnss-systemd:amd64 249.11-0ubuntu3.10
2023-09-30 01:16:52 configure ufw:all 0.36.1-4ubuntu0.1 <none>
2023-09-30 01:16:52 status unpacked ufw:all 0.36.1-4ubuntu0.1
2023-09-30 01:16:52 status half-configured ufw:all 0.36.1-4ubuntu0.1
2023-09-30 01:16:53 status installed ufw:all 0.36.1-4ubuntu0.1
2023-09-30 01:16:53 configure python3-distupgrade:all 1:22.04.17 <none>
2023-09-30 01:16:53 status unpacked python3-distupgrade:all 1:22.04.17
2023-09-30 01:16:53 status half-configured python3-distupgrade:all 1:22.04.17
2023-09-30 01:16:53 status installed python3-distupgrade:all 1:22.04.17
2023-09-30 01:16:53 configure dpkg-dev:all 1.21.1ubuntu2.2 <none>
2023-09-30 01:16:53 status unpacked dpkg-dev:all 1.21.1ubuntu2.2
2023-09-30 01:16:53 status half-configured dpkg-dev:all 1.21.1ubuntu2.2
2023-09-30 01:16:53 status installed dpkg-dev:all 1.21.1ubuntu2.2
2023-09-30 01:16:53 configure python3-apport:all 2.20.11-0ubuntu82.5 <none>
2023-09-30 01:16:53 status unpacked python3-apport:all 2.20.11-0ubuntu82.5
2023-09-30 01:16:53 status half-configured python3-apport:all 2.20.11-0ubuntu82.5
2023-09-30 01:16:53 status installed python3-apport:all 2.20.11-0ubuntu82.5
2023-09-30 01:16:53 configure python3-software-properties:all 0.99.22.7 <none>
2023-09-30 01:16:53 status unpacked python3-software-properties:all 0.99.22.7
2023-09-30 01:16:53 status half-configured python3-software-properties:all 0.99.22.7
2023-09-30 01:16:53 status installed python3-software-properties:all 0.99.22.7
2023-09-30 01:16:53 configure docker-ce:amd64 5:24.0.6-1~ubuntu.22.04~jammy <none>
2023-09-30 01:16:53 status unpacked docker-ce:amd64 5:24.0.6-1~ubuntu.22.04~jammy
2023-09-30 01:16:53 status half-configured docker-ce:amd64 5:24.0.6-1~ubuntu.22.04~jammy
2023-09-30 01:16:58 status installed docker-ce:amd64 5:24.0.6-1~ubuntu.22.04~jammy
2023-09-30 01:16:58 configure ubuntu-release-upgrader-core:all 1:22.04.17 <none>
2023-09-30 01:16:58 status unpacked ubuntu-release-upgrader-core:all 1:22.04.17
2023-09-30 01:16:58 status half-configured ubuntu-release-upgrader-core:all 1:22.04.17
2023-09-30 01:16:58 status installed ubuntu-release-upgrader-core:all 1:22.04.17
2023-09-30 01:16:58 configure git:amd64 1:2.34.1-1ubuntu1.10 <none>
2023-09-30 01:16:58 status unpacked git:amd64 1:2.34.1-1ubuntu1.10
2023-09-30 01:16:58 status half-configured git:amd64 1:2.34.1-1ubuntu1.10
2023-09-30 01:16:58 status installed git:amd64 1:2.34.1-1ubuntu1.10
2023-09-30 01:16:58 configure libpam-systemd:amd64 249.11-0ubuntu3.10 <none>
2023-09-30 01:16:58 status unpacked libpam-systemd:amd64 249.11-0ubuntu3.10
2023-09-30 01:16:58 status half-configured libpam-systemd:amd64 249.11-0ubuntu3.10
2023-09-30 01:16:59 status installed libpam-systemd:amd64 249.11-0ubuntu3.10
2023-09-30 01:16:59 configure libc6-dev:amd64 2.35-0ubuntu3.3 <none>
2023-09-30 01:16:59 status unpacked libc6-dev:amd64 2.35-0ubuntu3.3
2023-09-30 01:16:59 status half-configured libc6-dev:amd64 2.35-0ubuntu3.3
2023-09-30 01:16:59 status installed libc6-dev:amd64 2.35-0ubuntu3.3
2023-09-30 01:16:59 configure ubuntu-advantage-tools:amd64 29.4~22.04 <none>
2023-09-30 01:16:59 status unpacked ubuntu-advantage-tools:amd64 29.4~22.04
2023-09-30 01:16:59 status half-configured ubuntu-advantage-tools:amd64 29.4~22.04
2023-09-30 01:17:02 status installed ubuntu-advantage-tools:amd64 29.4~22.04
2023-09-30 01:17:02 configure bind9-dnsutils:amd64 1:9.18.12-0ubuntu0.22.04.3 <none>
2023-09-30 01:17:02 status unpacked bind9-dnsutils:amd64 1:9.18.12-0ubuntu0.22.04.3
2023-09-30 01:17:02 status half-configured bind9-dnsutils:amd64 1:9.18.12-0ubuntu0.22.04.3
2023-09-30 01:17:02 status installed bind9-dnsutils:amd64 1:9.18.12-0ubuntu0.22.04.3
2023-09-30 01:17:02 configure ubuntu-minimal:amd64 1.481.1 <none>
2023-09-30 01:17:02 status unpacked ubuntu-minimal:amd64 1.481.1
2023-09-30 01:17:02 status half-configured ubuntu-minimal:amd64 1.481.1
2023-09-30 01:17:02 status installed ubuntu-minimal:amd64 1.481.1
2023-09-30 01:17:02 configure ubuntu-standard:amd64 1.481.1 <none>
2023-09-30 01:17:02 status unpacked ubuntu-standard:amd64 1.481.1
2023-09-30 01:17:02 status half-configured ubuntu-standard:amd64 1.481.1
2023-09-30 01:17:02 status installed ubuntu-standard:amd64 1.481.1
2023-09-30 01:17:02 configure software-properties-common:all 0.99.22.7 <none>
2023-09-30 01:17:02 status unpacked software-properties-common:all 0.99.22.7
2023-09-30 01:17:02 status half-configured software-properties-common:all 0.99.22.7
2023-09-30 01:17:02 status installed software-properties-common:all 0.99.22.7
2023-09-30 01:17:02 configure apport:all 2.20.11-0ubuntu82.5 <none>
2023-09-30 01:17:02 status unpacked apport:all 2.20.11-0ubuntu82.5
2023-09-30 01:17:02 status half-configured apport:all 2.20.11-0ubuntu82.5
2023-09-30 01:17:03 status installed apport:all 2.20.11-0ubuntu82.5
2023-09-30 01:17:03 configure ubuntu-wsl:amd64 1.481.1 <none>
2023-09-30 01:17:03 status unpacked ubuntu-wsl:amd64 1.481.1
2023-09-30 01:17:03 status half-configured ubuntu-wsl:amd64 1.481.1
2023-09-30 01:17:03 status installed ubuntu-wsl:amd64 1.481.1
2023-09-30 01:17:03 trigproc rsyslog:amd64 8.2112.0-2ubuntu2.2 <none>
2023-09-30 01:17:03 status half-configured rsyslog:amd64 8.2112.0-2ubuntu2.2
2023-09-30 01:17:03 status installed rsyslog:amd64 8.2112.0-2ubuntu2.2
2023-09-30 01:17:03 trigproc man-db:amd64 2.10.2-1 <none>
2023-09-30 01:17:03 status half-configured man-db:amd64 2.10.2-1
2023-09-30 01:17:05 status installed man-db:amd64 2.10.2-1
2023-09-30 01:17:05 trigproc plymouth-theme-ubuntu-text:amd64 0.9.5+git20211018-1ubuntu3 <none>
2023-09-30 01:17:05 status half-configured plymouth-theme-ubuntu-text:amd64 0.9.5+git20211018-1ubuntu3
2023-09-30 01:17:05 status installed plymouth-theme-ubuntu-text:amd64 0.9.5+git20211018-1ubuntu3
2023-09-30 01:17:05 trigproc dbus:amd64 1.12.20-2ubuntu4.1 <none>
2023-09-30 01:17:05 status half-configured dbus:amd64 1.12.20-2ubuntu4.1
2023-09-30 01:17:05 status installed dbus:amd64 1.12.20-2ubuntu4.1
2023-09-30 01:17:05 trigproc install-info:amd64 6.8-4build1 <none>
2023-09-30 01:17:05 status half-configured install-info:amd64 6.8-4build1
2023-09-30 01:17:05 status installed install-info:amd64 6.8-4build1
2023-09-30 01:17:05 trigproc libc-bin:amd64 2.35-0ubuntu3.3 <none>
2023-09-30 01:17:05 status half-configured libc-bin:amd64 2.35-0ubuntu3.3
2023-09-30 01:17:05 status installed libc-bin:amd64 2.35-0ubuntu3.3
