["2023-09-02T17:14:19.960", "DEBUG", "root", "load_file", 356, "Reading file: /etc/os-release", {}]
["2023-09-02T17:14:19.962", "DEBUG", "root", "load_file", 356, "Reading file: /proc/version_signature", {}]
["2023-09-02T17:14:19.962", "WARNING", "root", "get_kernel_info", 66, "failed to process /proc/version_signature.", {}]
["2023-09-02T17:14:19.962", "WARNING", "root", "get_kernel_info", 71, "Failed to parse kernel: 5.15.90.1-microsoft-standard-WSL2", {}]
["2023-09-02T17:14:19.972", "DEBUG", "root", "load_file", 356, "Reading file: /var/lib/ubuntu-advantage/status.json", {}]
["2023-09-02T17:14:19.975", "DEBUG", "root", "load_file", 356, "Reading file: /var/lib/ubuntu-advantage/private/machine-token.json", {}]
["2023-09-02T17:14:19.975", "DEBUG", "uaclient.files.files", "read", 55, "File does not exist: /var/lib/ubuntu-advantage/private/machine-token.json", {}]
["2023-09-02T17:14:19.975", "DEBUG", "root", "load_file", 356, "Reading file: /var/lib/ubuntu-advantage/private/machine-token.json", {}]
["2023-09-02T17:14:19.977", "DEBUG", "uaclient.files.files", "read", 55, "File does not exist: /var/lib/ubuntu-advantage/private/machine-token.json", {}]
["2023-09-02T17:14:22.104", "DEBUG", "root", "load_file", 356, "Reading file: /run/ubuntu-advantage//aptnews.json", {}]
["2023-09-02T17:14:22.106", "DEBUG", "root", "select_message", 151, "msg dates don't apply: AptNewsMessage{'begin': datetime.datetime(2023, 8, 3, 0, 0, tzinfo=datetime.timezone.utc), 'end': None, 'selectors': None, 'lines': ['You can verify the status of security fixes using the `pro fix` command.', 'E.g., a recent Ruby vulnerability can be checked with: `pro fix USN-6219-1`', 'For more detail see: https://ubuntu.com/security/notices/USN-6219-1']}", {}]
["2023-09-02T17:14:22.106", "DEBUG", "root", "fetch_and_process_apt_news", 178, "using msg: None", {}]
["2023-09-02T17:14:22.106", "DEBUG", "root", "ensure_file_absent", 399, "Removing file: /var/lib/ubuntu-advantage/messages/apt-news", {}]
["2023-09-05T21:17:02.031", "DEBUG", "root", "load_file", 356, "Reading file: /etc/os-release", {}]
["2023-09-05T21:17:02.034", "DEBUG", "root", "load_file", 356, "Reading file: /proc/version_signature", {}]
["2023-09-05T21:17:02.034", "WARNING", "root", "get_kernel_info", 66, "failed to process /proc/version_signature.", {}]
["2023-09-05T21:17:02.035", "WARNING", "root", "get_kernel_info", 71, "Failed to parse kernel: 5.15.90.1-microsoft-standard-WSL2", {}]
["2023-09-05T21:17:02.046", "DEBUG", "root", "load_file", 356, "Reading file: /var/lib/ubuntu-advantage/status.json", {}]
["2023-09-05T21:17:02.049", "DEBUG", "root", "load_file", 356, "Reading file: /var/lib/ubuntu-advantage/private/machine-token.json", {}]
["2023-09-05T21:17:02.049", "DEBUG", "uaclient.files.files", "read", 55, "File does not exist: /var/lib/ubuntu-advantage/private/machine-token.json", {}]
["2023-09-05T21:17:02.048", "DEBUG", "root", "load_file", 356, "Reading file: /var/lib/ubuntu-advantage/private/machine-token.json", {}]
["2023-09-05T21:17:02.050", "DEBUG", "uaclient.files.files", "read", 55, "File does not exist: /var/lib/ubuntu-advantage/private/machine-token.json", {}]
["2023-09-05T21:17:09.515", "DEBUG", "root", "load_file", 356, "Reading file: /run/ubuntu-advantage//aptnews.json", {}]
["2023-09-05T21:17:09.518", "DEBUG", "root", "select_message", 151, "msg dates don't apply: AptNewsMessage{'begin': datetime.datetime(2023, 8, 3, 0, 0, tzinfo=datetime.timezone.utc), 'end': None, 'selectors': None, 'lines': ['You can verify the status of security fixes using the `pro fix` command.', 'E.g., a recent Ruby vulnerability can be checked with: `pro fix USN-6219-1`', 'For more detail see: https://ubuntu.com/security/notices/USN-6219-1']}", {}]
["2023-09-05T21:17:09.518", "DEBUG", "root", "fetch_and_process_apt_news", 178, "using msg: None", {}]
["2023-09-14T08:33:05.431", "DEBUG", "root", "load_file", 356, "Reading file: /etc/os-release", {}]
["2023-09-14T08:33:05.433", "DEBUG", "root", "load_file", 356, "Reading file: /proc/version_signature", {}]
["2023-09-14T08:33:05.433", "WARNING", "root", "get_kernel_info", 66, "failed to process /proc/version_signature.", {}]
["2023-09-14T08:33:05.434", "WARNING", "root", "get_kernel_info", 71, "Failed to parse kernel: 5.15.90.1-microsoft-standard-WSL2", {}]
["2023-09-14T08:33:05.437", "DEBUG", "root", "load_file", 356, "Reading file: /var/lib/ubuntu-advantage/private/machine-token.json", {}]
["2023-09-14T08:33:05.439", "DEBUG", "uaclient.files.files", "read", 55, "File does not exist: /var/lib/ubuntu-advantage/private/machine-token.json", {}]
["2023-09-14T08:33:05.443", "DEBUG", "root", "load_file", 356, "Reading file: /var/lib/ubuntu-advantage/status.json", {}]
["2023-09-14T08:33:05.446", "DEBUG", "root", "load_file", 356, "Reading file: /var/lib/ubuntu-advantage/private/machine-token.json", {}]
["2023-09-14T08:33:05.446", "DEBUG", "uaclient.files.files", "read", 55, "File does not exist: /var/lib/ubuntu-advantage/private/machine-token.json", {}]
["2023-09-14T08:33:10.938", "DEBUG", "root", "load_file", 356, "Reading file: /run/ubuntu-advantage//aptnews.json", {}]
["2023-09-14T08:33:10.941", "DEBUG", "root", "select_message", 151, "msg dates don't apply: AptNewsMessage{'begin': datetime.datetime(2023, 8, 3, 0, 0, tzinfo=datetime.timezone.utc), 'end': None, 'selectors': None, 'lines': ['You can verify the status of security fixes using the `pro fix` command.', 'E.g., a recent Ruby vulnerability can be checked with: `pro fix USN-6219-1`', 'For more detail see: https://ubuntu.com/security/notices/USN-6219-1']}", {}]
["2023-09-14T08:33:10.941", "DEBUG", "root", "fetch_and_process_apt_news", 178, "using msg: None", {}]
["2023-09-15T09:20:24.900", "DEBUG", "root", "load_file", 356, "Reading file: /etc/os-release", {}]
["2023-09-15T09:20:24.903", "DEBUG", "root", "load_file", 356, "Reading file: /proc/version_signature", {}]
["2023-09-15T09:20:24.903", "WARNING", "root", "get_kernel_info", 66, "failed to process /proc/version_signature.", {}]
["2023-09-15T09:20:24.903", "WARNING", "root", "get_kernel_info", 71, "Failed to parse kernel: 5.15.90.1-microsoft-standard-WSL2", {}]
["2023-09-15T09:20:24.915", "DEBUG", "root", "load_file", 356, "Reading file: /var/lib/ubuntu-advantage/private/machine-token.json", {}]
["2023-09-15T09:20:24.917", "DEBUG", "uaclient.files.files", "read", 55, "File does not exist: /var/lib/ubuntu-advantage/private/machine-token.json", {}]
["2023-09-15T09:20:24.923", "DEBUG", "root", "load_file", 356, "Reading file: /var/lib/ubuntu-advantage/status.json", {}]
["2023-09-15T09:20:24.925", "DEBUG", "root", "load_file", 356, "Reading file: /var/lib/ubuntu-advantage/private/machine-token.json", {}]
["2023-09-15T09:20:24.925", "DEBUG", "uaclient.files.files", "read", 55, "File does not exist: /var/lib/ubuntu-advantage/private/machine-token.json", {}]
["2023-09-15T09:20:25.961", "DEBUG", "root", "load_file", 356, "Reading file: /run/ubuntu-advantage//aptnews.json", {}]
["2023-09-15T09:20:25.964", "DEBUG", "root", "select_message", 151, "msg dates don't apply: AptNewsMessage{'begin': datetime.datetime(2023, 8, 3, 0, 0, tzinfo=datetime.timezone.utc), 'end': None, 'selectors': None, 'lines': ['You can verify the status of security fixes using the `pro fix` command.', 'E.g., a recent Ruby vulnerability can be checked with: `pro fix USN-6219-1`', 'For more detail see: https://ubuntu.com/security/notices/USN-6219-1']}", {}]
["2023-09-15T09:20:25.965", "DEBUG", "root", "fetch_and_process_apt_news", 178, "using msg: None", {}]
["2023-09-28T22:39:56.915", "DEBUG", "root", "load_file", 356, "Reading file: /etc/os-release", {}]
["2023-09-28T22:39:56.917", "DEBUG", "root", "load_file", 356, "Reading file: /proc/version_signature", {}]
["2023-09-28T22:39:56.917", "WARNING", "root", "get_kernel_info", 66, "failed to process /proc/version_signature.", {}]
["2023-09-28T22:39:56.917", "WARNING", "root", "get_kernel_info", 71, "Failed to parse kernel: 5.15.90.1-microsoft-standard-WSL2", {}]
["2023-09-28T22:39:56.923", "DEBUG", "root", "load_file", 356, "Reading file: /var/lib/ubuntu-advantage/private/machine-token.json", {}]
["2023-09-28T22:39:56.925", "DEBUG", "uaclient.files.files", "read", 55, "File does not exist: /var/lib/ubuntu-advantage/private/machine-token.json", {}]
["2023-09-28T22:39:56.933", "DEBUG", "root", "load_file", 356, "Reading file: /var/lib/ubuntu-advantage/status.json", {}]
["2023-09-28T22:39:56.937", "DEBUG", "root", "load_file", 356, "Reading file: /var/lib/ubuntu-advantage/private/machine-token.json", {}]
["2023-09-28T22:39:56.937", "DEBUG", "uaclient.files.files", "read", 55, "File does not exist: /var/lib/ubuntu-advantage/private/machine-token.json", {}]
["2023-09-28T22:40:05.823", "DEBUG", "root", "load_file", 356, "Reading file: /run/ubuntu-advantage//aptnews.json", {}]
["2023-09-28T22:40:05.829", "DEBUG", "root", "select_message", 151, "msg dates don't apply: AptNewsMessage{'begin': datetime.datetime(2023, 8, 3, 0, 0, tzinfo=datetime.timezone.utc), 'end': None, 'selectors': None, 'lines': ['You can verify the status of security fixes using the `pro fix` command.', 'E.g., a recent Ruby vulnerability can be checked with: `pro fix USN-6219-1`', 'For more detail see: https://ubuntu.com/security/notices/USN-6219-1']}", {}]
["2023-09-28T22:40:05.830", "DEBUG", "root", "fetch_and_process_apt_news", 178, "using msg: None", {}]
["2023-09-29T00:39:07.515", "DEBUG", "root", "load_file", 356, "Reading file: /etc/os-release", {}]
["2023-09-29T00:39:07.518", "DEBUG", "root", "load_file", 356, "Reading file: /proc/version_signature", {}]
["2023-09-29T00:39:07.518", "WARNING", "root", "get_kernel_info", 66, "failed to process /proc/version_signature.", {}]
["2023-09-29T00:39:07.519", "WARNING", "root", "get_kernel_info", 71, "Failed to parse kernel: 5.15.90.1-microsoft-standard-WSL2", {}]
["2023-09-29T00:39:07.525", "DEBUG", "root", "load_file", 356, "Reading file: /var/lib/ubuntu-advantage/private/machine-token.json", {}]
["2023-09-29T00:39:07.527", "DEBUG", "uaclient.files.files", "read", 55, "File does not exist: /var/lib/ubuntu-advantage/private/machine-token.json", {}]
["2023-09-29T00:39:07.531", "DEBUG", "root", "load_file", 356, "Reading file: /var/lib/ubuntu-advantage/status.json", {}]
["2023-09-29T00:39:07.533", "DEBUG", "root", "load_file", 356, "Reading file: /var/lib/ubuntu-advantage/private/machine-token.json", {}]
["2023-09-29T00:39:07.534", "DEBUG", "uaclient.files.files", "read", 55, "File does not exist: /var/lib/ubuntu-advantage/private/machine-token.json", {}]
["2023-09-29T00:39:12.355", "DEBUG", "root", "load_file", 356, "Reading file: /run/ubuntu-advantage//aptnews.json", {}]
["2023-09-29T00:39:12.357", "DEBUG", "root", "select_message", 151, "msg dates don't apply: AptNewsMessage{'begin': datetime.datetime(2023, 8, 3, 0, 0, tzinfo=datetime.timezone.utc), 'end': None, 'selectors': None, 'lines': ['You can verify the status of security fixes using the `pro fix` command.', 'E.g., a recent Ruby vulnerability can be checked with: `pro fix USN-6219-1`', 'For more detail see: https://ubuntu.com/security/notices/USN-6219-1']}", {}]
["2023-09-29T00:39:12.358", "DEBUG", "root", "fetch_and_process_apt_news", 178, "using msg: None", {}]
["2023-09-30T01:15:03.347", "DEBUG", "root", "load_file", 356, "Reading file: /etc/os-release", {}]
["2023-09-30T01:15:03.350", "DEBUG", "root", "load_file", 356, "Reading file: /proc/version_signature", {}]
["2023-09-30T01:15:03.351", "WARNING", "root", "get_kernel_info", 66, "failed to process /proc/version_signature.", {}]
["2023-09-30T01:15:03.351", "WARNING", "root", "get_kernel_info", 71, "Failed to parse kernel: 5.15.90.1-microsoft-standard-WSL2", {}]
["2023-09-30T01:15:03.363", "DEBUG", "root", "load_file", 356, "Reading file: /var/lib/ubuntu-advantage/private/machine-token.json", {}]
["2023-09-30T01:15:03.365", "DEBUG", "uaclient.files.files", "read", 55, "File does not exist: /var/lib/ubuntu-advantage/private/machine-token.json", {}]
["2023-09-30T01:15:03.370", "DEBUG", "root", "load_file", 356, "Reading file: /var/lib/ubuntu-advantage/status.json", {}]
["2023-09-30T01:15:03.374", "DEBUG", "root", "load_file", 356, "Reading file: /var/lib/ubuntu-advantage/private/machine-token.json", {}]
["2023-09-30T01:15:03.374", "DEBUG", "uaclient.files.files", "read", 55, "File does not exist: /var/lib/ubuntu-advantage/private/machine-token.json", {}]
["2023-09-30T01:15:07.065", "DEBUG", "root", "load_file", 356, "Reading file: /run/ubuntu-advantage//aptnews.json", {}]
["2023-09-30T01:15:07.069", "DEBUG", "root", "select_message", 151, "msg dates don't apply: AptNewsMessage{'begin': datetime.datetime(2023, 8, 3, 0, 0, tzinfo=datetime.timezone.utc), 'end': None, 'selectors': None, 'lines': ['You can verify the status of security fixes using the `pro fix` command.', 'E.g., a recent Ruby vulnerability can be checked with: `pro fix USN-6219-1`', 'For more detail see: https://ubuntu.com/security/notices/USN-6219-1']}", {}]
["2023-09-30T01:15:07.069", "DEBUG", "root", "fetch_and_process_apt_news", 178, "using msg: None", {}]
["2023-09-30T01:18:56.525", "DEBUG", "ubuntupro.config", "parse_config", 642, "Using client configuration file at /etc/ubuntu-advantage/uaclient.conf", {}]
["2023-09-30T01:18:56.525", "DEBUG", "ubuntupro.system", "load_file", 485, "Reading file: /etc/ubuntu-advantage/uaclient.conf", {}]
["2023-09-30T01:18:56.526", "DEBUG", "ubuntupro.system", "load_file", 485, "Reading file: /var/lib/ubuntu-advantage/user-config.json", {}]
["2023-09-30T01:18:56.526", "DEBUG", "ubuntupro.files.files", "read", 55, "File does not exist: /var/lib/ubuntu-advantage/user-config.json", {}]
["2023-09-30T01:18:56.526", "DEBUG", "ubuntupro.system", "load_file", 485, "Reading file: /etc/os-release", {}]
["2023-09-30T01:18:56.528", "DEBUG", "ubuntupro.config", "parse_config", 642, "Using client configuration file at /etc/ubuntu-advantage/uaclient.conf", {}]
["2023-09-30T01:18:56.528", "DEBUG", "ubuntupro.system", "load_file", 485, "Reading file: /etc/ubuntu-advantage/uaclient.conf", {}]
["2023-09-30T01:18:56.529", "DEBUG", "ubuntupro.system", "load_file", 485, "Reading file: /var/lib/ubuntu-advantage/user-config.json", {}]
["2023-09-30T01:18:56.529", "DEBUG", "ubuntupro.files.files", "read", 55, "File does not exist: /var/lib/ubuntu-advantage/user-config.json", {}]
["2023-09-30T01:18:56.529", "DEBUG", "ubuntupro.system", "load_file", 485, "Reading file: /var/lib/ubuntu-advantage/private/machine-token.json", {}]
["2023-09-30T01:18:56.529", "DEBUG", "ubuntupro.files.files", "read", 55, "File does not exist: /var/lib/ubuntu-advantage/private/machine-token.json", {}]
["2023-09-30T01:18:56.543", "DEBUG", "ubuntupro.system", "load_file", 485, "Reading file: /var/lib/ubuntu-advantage/status.json", {}]
["2023-09-30T01:18:56.546", "DEBUG", "ubuntupro.system", "load_file", 485, "Reading file: /var/lib/ubuntu-advantage/private/machine-token.json", {}]
["2023-09-30T01:18:56.546", "DEBUG", "ubuntupro.files.files", "read", 55, "File does not exist: /var/lib/ubuntu-advantage/private/machine-token.json", {}]
["2023-09-30T01:19:01.642", "DEBUG", "ubuntupro.system", "load_file", 485, "Reading file: /run/ubuntu-advantage//aptnews.json", {}]
["2023-09-30T01:19:01.644", "DEBUG", "ubuntupro.apt_news", "select_message", 143, "msg dates don't apply: AptNewsMessage{'begin': datetime.datetime(2023, 8, 3, 0, 0, tzinfo=datetime.timezone.utc), 'end': None, 'selectors': None, 'lines': ['You can verify the status of security fixes using the `pro fix` command.', 'E.g., a recent Ruby vulnerability can be checked with: `pro fix USN-6219-1`', 'For more detail see: https://ubuntu.com/security/notices/USN-6219-1']}", {}]
["2023-09-30T01:19:01.645", "DEBUG", "ubuntupro.apt_news", "fetch_and_process_apt_news", 169, "using msg: None", {}]
["2023-09-30T01:19:01.645", "DEBUG", "ubuntupro.system", "ensure_file_absent", 544, "Removing file: /var/lib/ubuntu-advantage/messages/apt-news", {}]
["2023-09-30T01:19:01.645", "DEBUG", "ubuntupro.system", "ensure_file_absent", 547, "File does not exist: /var/lib/ubuntu-advantage/messages/apt-news", {}]
["2023-09-30T01:19:01.645", "DEBUG", "ubuntupro.system", "ensure_file_absent", 544, "Removing file: /var/lib/ubuntu-advantage/messages/apt-news-raw", {}]
["2023-09-30T01:19:01.645", "DEBUG", "ubuntupro.system", "ensure_file_absent", 547, "File does not exist: /var/lib/ubuntu-advantage/messages/apt-news-raw", {}]
["2023-09-30T01:20:39.684", "DEBUG", "ubuntupro.config", "parse_config", 642, "Using client configuration file at /etc/ubuntu-advantage/uaclient.conf", {}]
["2023-09-30T01:20:39.684", "DEBUG", "ubuntupro.system", "load_file", 485, "Reading file: /etc/ubuntu-advantage/uaclient.conf", {}]
["2023-09-30T01:20:39.685", "DEBUG", "ubuntupro.system", "load_file", 485, "Reading file: /var/lib/ubuntu-advantage/user-config.json", {}]
["2023-09-30T01:20:39.685", "DEBUG", "ubuntupro.files.files", "read", 55, "File does not exist: /var/lib/ubuntu-advantage/user-config.json", {}]
["2023-09-30T01:20:39.685", "DEBUG", "ubuntupro.system", "load_file", 485, "Reading file: /etc/os-release", {}]
["2023-09-30T01:20:39.687", "DEBUG", "ubuntupro.config", "parse_config", 642, "Using client configuration file at /etc/ubuntu-advantage/uaclient.conf", {}]
["2023-09-30T01:20:39.687", "DEBUG", "ubuntupro.system", "load_file", 485, "Reading file: /etc/ubuntu-advantage/uaclient.conf", {}]
["2023-09-30T01:20:39.688", "DEBUG", "ubuntupro.system", "load_file", 485, "Reading file: /var/lib/ubuntu-advantage/user-config.json", {}]
["2023-09-30T01:20:39.688", "DEBUG", "ubuntupro.files.files", "read", 55, "File does not exist: /var/lib/ubuntu-advantage/user-config.json", {}]
["2023-09-30T01:20:39.689", "DEBUG", "ubuntupro.system", "load_file", 485, "Reading file: /var/lib/ubuntu-advantage/private/machine-token.json", {}]
["2023-09-30T01:20:39.689", "DEBUG", "ubuntupro.files.files", "read", 55, "File does not exist: /var/lib/ubuntu-advantage/private/machine-token.json", {}]
["2023-09-30T01:20:39.702", "DEBUG", "ubuntupro.system", "load_file", 485, "Reading file: /var/lib/ubuntu-advantage/status.json", {}]
["2023-09-30T01:20:39.705", "DEBUG", "ubuntupro.system", "load_file", 485, "Reading file: /var/lib/ubuntu-advantage/private/machine-token.json", {}]
["2023-09-30T01:20:39.705", "DEBUG", "ubuntupro.files.files", "read", 55, "File does not exist: /var/lib/ubuntu-advantage/private/machine-token.json", {}]
["2023-09-30T01:20:40.850", "DEBUG", "ubuntupro.system", "load_file", 485, "Reading file: /run/ubuntu-advantage//aptnews.json", {}]
["2023-09-30T01:20:40.853", "DEBUG", "ubuntupro.apt_news", "select_message", 143, "msg dates don't apply: AptNewsMessage{'begin': datetime.datetime(2023, 8, 3, 0, 0, tzinfo=datetime.timezone.utc), 'end': None, 'selectors': None, 'lines': ['You can verify the status of security fixes using the `pro fix` command.', 'E.g., a recent Ruby vulnerability can be checked with: `pro fix USN-6219-1`', 'For more detail see: https://ubuntu.com/security/notices/USN-6219-1']}", {}]
["2023-09-30T01:20:40.853", "DEBUG", "ubuntupro.apt_news", "fetch_and_process_apt_news", 169, "using msg: None", {}]
["2023-09-30T01:20:40.853", "DEBUG", "ubuntupro.system", "ensure_file_absent", 544, "Removing file: /var/lib/ubuntu-advantage/messages/apt-news", {}]
["2023-09-30T01:20:40.853", "DEBUG", "ubuntupro.system", "ensure_file_absent", 547, "File does not exist: /var/lib/ubuntu-advantage/messages/apt-news", {}]
["2023-09-30T01:20:40.853", "DEBUG", "ubuntupro.system", "ensure_file_absent", 544, "Removing file: /var/lib/ubuntu-advantage/messages/apt-news-raw", {}]
["2023-09-30T01:20:40.853", "DEBUG", "ubuntupro.system", "ensure_file_absent", 547, "File does not exist: /var/lib/ubuntu-advantage/messages/apt-news-raw", {}]
